<?xml version="1.0" encoding="UTF-8"?>
<!-- Generated by org.testng.reporters.JUnitXMLReporter -->
<testsuite hostname="Ashok-L460-PC" ignored="0" name="Default test" tests="3" failures="0" timestamp="28 Aug 2018 05:37:48 GMT" time="94.447" errors="0">
  <testcase name="CheckboxTest" time="11.145" classname="com.katena.qa.testcases.NewsletterpageTest"/>
  <testcase name="BannerTextValidateTest" time="3.431" classname="com.katena.qa.testcases.NewsletterpageTest"/>
  <testcase name="ClickonNewletterTest" time="0.139" classname="com.katena.qa.testcases.NewsletterpageTest"/>
</testsuite> <!-- Default test -->
