<?xml version="1.0" encoding="UTF-8"?>
<!-- Generated by org.testng.reporters.JUnitXMLReporter -->
<testsuite hostname="Ashok-L460-PC" ignored="0" name="Default test" tests="2" failures="0" timestamp="05 Sep 2018 13:20:36 GMT" time="38.376" errors="0">
  <testcase name="Verifypagebannertest" time="2.682" classname="com.katena.qa.testcases.AddressbookpageTest"/>
  <testcase name="Verifypagetitletest" time="2.521" classname="com.katena.qa.testcases.AddressbookpageTest"/>
</testsuite> <!-- Default test -->
