<?xml version="1.0" encoding="UTF-8"?>
<!-- Generated by org.testng.reporters.JUnitXMLReporter -->
<testsuite hostname="Ashok-L460-PC" ignored="0" name="Test" tests="3" failures="0" timestamp="28 Aug 2018 05:42:51 GMT" time="69.421" errors="0">
  <testcase name="BannerTextValidateTest" time="0.066" classname="com.katena.qa.testcases.MyAccountPageTest"/>
  <testcase name="CheckboxTest" time="11.216" classname="com.katena.qa.testcases.NewsletterpageTest"/>
  <testcase name="loginpagetitleTest" time="3.106" classname="com.katena.qa.testcases.LoginPageTest"/>
</testsuite> <!-- Test -->
