<?xml version="1.0" encoding="UTF-8"?>
<!-- Generated by org.testng.reporters.JUnitXMLReporter -->
<testsuite hostname="Ashok-L460-PC" ignored="0" name="Test" tests="3" failures="0" timestamp="05 Sep 2018 10:09:15 GMT" time="60.654" errors="0">
  <testcase name="BannerTextValidateTest" time="0.061" classname="com.katena.qa.testcases.MyAccountPageTest"/>
  <testcase name="CheckboxTest" time="9.569" classname="com.katena.qa.testcases.NewsletterpageTest"/>
  <testcase name="loginpagetitleTest" time="0.036" classname="com.katena.qa.testcases.LoginPageTest"/>
</testsuite> <!-- Test -->
