<?xml version="1.0" encoding="UTF-8"?>
<!-- Generated by org.testng.reporters.JUnitXMLReporter -->
<testsuite hostname="Ashok-L460-PC" ignored="0" name="Test" tests="3" failures="0" timestamp="05 Sep 2018 09:26:29 GMT" time="53.075" errors="0">
  <testcase name="BannerTextValidateTest" time="0.057" classname="com.katena.qa.testcases.MyAccountPageTest"/>
  <testcase name="CheckboxTest" time="9.606" classname="com.katena.qa.testcases.NewsletterpageTest"/>
  <testcase name="loginpagetitleTest" time="0.016" classname="com.katena.qa.testcases.LoginPageTest"/>
</testsuite> <!-- Test -->
