<?xml version="1.0" encoding="UTF-8"?>
<testng-results skipped="0" failed="0" ignored="0" total="3" passed="3">
  <reporter-output>
  </reporter-output>
  <suite name="Suite" duration-ms="87692" started-at="2018-09-04T11:22:09Z" finished-at="2018-09-04T11:23:37Z">
    <groups>
    </groups>
    <test name="Test" duration-ms="87692" started-at="2018-09-04T11:22:09Z" finished-at="2018-09-04T11:23:37Z">
      <class name="com.katena.qa.testcases.MyAccountPageTest">
        <test-method status="PASS" signature="Setup()[pri:0, instance:com.katena.qa.testcases.MyAccountPageTest@4909b8da]" name="Setup" is-config="true" duration-ms="31701" started-at="2018-09-04T11:22:09Z" finished-at="2018-09-04T11:22:41Z">
          <reporter-output>
          </reporter-output>
        </test-method> <!-- Setup -->
        <test-method status="PASS" signature="BannerTextValidateTest()[pri:1, instance:com.katena.qa.testcases.MyAccountPageTest@4909b8da]" name="BannerTextValidateTest" duration-ms="1906" started-at="2018-09-04T11:22:41Z" finished-at="2018-09-04T11:22:43Z">
          <reporter-output>
          </reporter-output>
        </test-method> <!-- BannerTextValidateTest -->
        <test-method status="PASS" signature="tearDown()[pri:0, instance:com.katena.qa.testcases.MyAccountPageTest@4909b8da]" name="tearDown" is-config="true" duration-ms="435" started-at="2018-09-04T11:22:43Z" finished-at="2018-09-04T11:22:43Z">
          <reporter-output>
          </reporter-output>
        </test-method> <!-- tearDown -->
      </class> <!-- com.katena.qa.testcases.MyAccountPageTest -->
      <class name="com.katena.qa.testcases.LoginPageTest">
        <test-method status="PASS" signature="setup()[pri:0, instance:com.katena.qa.testcases.LoginPageTest@2d3fcdbd]" name="setup" is-config="true" duration-ms="13539" started-at="2018-09-04T11:23:19Z" finished-at="2018-09-04T11:23:32Z">
          <reporter-output>
          </reporter-output>
        </test-method> <!-- setup -->
        <test-method status="PASS" signature="loginpagetitleTest()[pri:1, instance:com.katena.qa.testcases.LoginPageTest@2d3fcdbd]" name="loginpagetitleTest" duration-ms="4078" started-at="2018-09-04T11:23:32Z" finished-at="2018-09-04T11:23:36Z">
          <reporter-output>
          </reporter-output>
        </test-method> <!-- loginpagetitleTest -->
        <test-method status="PASS" signature="tearDown()[pri:0, instance:com.katena.qa.testcases.LoginPageTest@2d3fcdbd]" name="tearDown" is-config="true" duration-ms="465" started-at="2018-09-04T11:23:36Z" finished-at="2018-09-04T11:23:37Z">
          <reporter-output>
          </reporter-output>
        </test-method> <!-- tearDown -->
      </class> <!-- com.katena.qa.testcases.LoginPageTest -->
      <class name="com.katena.qa.testcases.NewsletterpageTest">
        <test-method status="PASS" signature="Setup()[pri:0, instance:com.katena.qa.testcases.NewsletterpageTest@3a03464]" name="Setup" is-config="true" duration-ms="22686" started-at="2018-09-04T11:22:43Z" finished-at="2018-09-04T11:23:06Z">
          <reporter-output>
          </reporter-output>
        </test-method> <!-- Setup -->
        <test-method status="PASS" signature="CheckboxTest()[pri:1, instance:com.katena.qa.testcases.NewsletterpageTest@3a03464]" name="CheckboxTest" duration-ms="12428" started-at="2018-09-04T11:23:06Z" finished-at="2018-09-04T11:23:18Z">
          <reporter-output>
          </reporter-output>
        </test-method> <!-- CheckboxTest -->
        <test-method status="PASS" signature="tearDown()[pri:0, instance:com.katena.qa.testcases.NewsletterpageTest@3a03464]" name="tearDown" is-config="true" duration-ms="424" started-at="2018-09-04T11:23:18Z" finished-at="2018-09-04T11:23:19Z">
          <reporter-output>
          </reporter-output>
        </test-method> <!-- tearDown -->
      </class> <!-- com.katena.qa.testcases.NewsletterpageTest -->
    </test> <!-- Test -->
  </suite> <!-- Suite -->
</testng-results>
