<?xml version="1.0" encoding="UTF-8"?>
<testng-results skipped="0" failed="0" ignored="0" total="1" passed="1">
  <reporter-output>
  </reporter-output>
  <suite name="Default suite" duration-ms="36925" started-at="2018-08-27T07:00:25Z" finished-at="2018-08-27T07:01:02Z">
    <groups>
    </groups>
    <test name="Default test" duration-ms="36925" started-at="2018-08-27T07:00:25Z" finished-at="2018-08-27T07:01:02Z">
      <class name="com.katena.qa.testcases.NewsletterpageTest">
        <test-method status="PASS" signature="Setup()[pri:0, instance:com.katena.qa.testcases.NewsletterpageTest@3532ec19]" name="Setup" is-config="true" duration-ms="22164" started-at="2018-08-27T07:00:25Z" finished-at="2018-08-27T07:00:47Z">
          <reporter-output>
          </reporter-output>
        </test-method> <!-- Setup -->
        <test-method status="PASS" signature="CheckboxTest()[pri:0, instance:com.katena.qa.testcases.NewsletterpageTest@3532ec19]" name="CheckboxTest" duration-ms="14199" started-at="2018-08-27T07:00:47Z" finished-at="2018-08-27T07:01:01Z">
          <reporter-output>
          </reporter-output>
        </test-method> <!-- CheckboxTest -->
        <test-method status="PASS" signature="tearDown()[pri:0, instance:com.katena.qa.testcases.NewsletterpageTest@3532ec19]" name="tearDown" is-config="true" duration-ms="500" started-at="2018-08-27T07:01:01Z" finished-at="2018-08-27T07:01:02Z">
          <reporter-output>
          </reporter-output>
        </test-method> <!-- tearDown -->
      </class> <!-- com.katena.qa.testcases.NewsletterpageTest -->
    </test> <!-- Default test -->
  </suite> <!-- Default suite -->
</testng-results>
