<?xml version="1.0" encoding="UTF-8"?>
<testng-results skipped="0" failed="0" ignored="0" total="3" passed="3">
  <reporter-output>
  </reporter-output>
  <suite name="Default suite" duration-ms="73917" started-at="2018-08-27T12:26:37Z" finished-at="2018-08-27T12:27:51Z">
    <groups>
    </groups>
    <test name="Default test" duration-ms="73917" started-at="2018-08-27T12:26:37Z" finished-at="2018-08-27T12:27:51Z">
      <class name="com.katena.qa.testcases.NewsletterpageTest">
        <test-method status="PASS" signature="Setup()[pri:0, instance:com.katena.qa.testcases.NewsletterpageTest@3532ec19]" name="Setup" is-config="true" duration-ms="20495" started-at="2018-08-27T12:26:37Z" finished-at="2018-08-27T12:26:58Z">
          <reporter-output>
          </reporter-output>
        </test-method> <!-- Setup -->
        <test-method status="PASS" signature="CheckboxTest()[pri:1, instance:com.katena.qa.testcases.NewsletterpageTest@3532ec19]" name="CheckboxTest" duration-ms="11757" started-at="2018-08-27T12:26:58Z" finished-at="2018-08-27T12:27:09Z">
          <reporter-output>
          </reporter-output>
        </test-method> <!-- CheckboxTest -->
        <test-method status="PASS" signature="tearDown()[pri:0, instance:com.katena.qa.testcases.NewsletterpageTest@3532ec19]" name="tearDown" is-config="true" duration-ms="399" started-at="2018-08-27T12:27:09Z" finished-at="2018-08-27T12:27:10Z">
          <reporter-output>
          </reporter-output>
        </test-method> <!-- tearDown -->
        <test-method status="PASS" signature="Setup()[pri:0, instance:com.katena.qa.testcases.NewsletterpageTest@3532ec19]" name="Setup" is-config="true" duration-ms="18599" started-at="2018-08-27T12:27:10Z" finished-at="2018-08-27T12:27:28Z">
          <reporter-output>
          </reporter-output>
        </test-method> <!-- Setup -->
        <test-method status="PASS" signature="BannerTextValidateTest()[pri:2, instance:com.katena.qa.testcases.NewsletterpageTest@3532ec19]" name="BannerTextValidateTest" duration-ms="3047" started-at="2018-08-27T12:27:28Z" finished-at="2018-08-27T12:27:32Z">
          <reporter-output>
          </reporter-output>
        </test-method> <!-- BannerTextValidateTest -->
        <test-method status="PASS" signature="tearDown()[pri:0, instance:com.katena.qa.testcases.NewsletterpageTest@3532ec19]" name="tearDown" is-config="true" duration-ms="386" started-at="2018-08-27T12:27:32Z" finished-at="2018-08-27T12:27:32Z">
          <reporter-output>
          </reporter-output>
        </test-method> <!-- tearDown -->
        <test-method status="PASS" signature="Setup()[pri:0, instance:com.katena.qa.testcases.NewsletterpageTest@3532ec19]" name="Setup" is-config="true" duration-ms="18517" started-at="2018-08-27T12:27:32Z" finished-at="2018-08-27T12:27:50Z">
          <reporter-output>
          </reporter-output>
        </test-method> <!-- Setup -->
        <test-method status="PASS" signature="ClickonNewletterTest()[pri:3, instance:com.katena.qa.testcases.NewsletterpageTest@3532ec19]" name="ClickonNewletterTest" duration-ms="312" started-at="2018-08-27T12:27:50Z" finished-at="2018-08-27T12:27:51Z">
          <reporter-output>
          </reporter-output>
        </test-method> <!-- ClickonNewletterTest -->
        <test-method status="PASS" signature="tearDown()[pri:0, instance:com.katena.qa.testcases.NewsletterpageTest@3532ec19]" name="tearDown" is-config="true" duration-ms="367" started-at="2018-08-27T12:27:51Z" finished-at="2018-08-27T12:27:51Z">
          <reporter-output>
          </reporter-output>
        </test-method> <!-- tearDown -->
      </class> <!-- com.katena.qa.testcases.NewsletterpageTest -->
    </test> <!-- Default test -->
  </suite> <!-- Default suite -->
</testng-results>
